[ 2017-10-14T16:19:59+08:00 ] 39.109.124.40 /renkang.php
INFO: [ app_init ] --START--
INFO: Run Behavior\BuildLiteBehavior [ RunTime:0.000008s ]
INFO: [ app_init ] --END-- [ RunTime:0.000046s ]
INFO: [ app_begin ] --START--
INFO: Run Behavior\ReadHtmlCacheBehavior [ RunTime:0.000283s ]
INFO: [ app_begin ] --END-- [ RunTime:0.000315s ]
INFO: [ view_parse ] --START--
INFO: [ template_filter ] --START--
INFO: Run Behavior\ContentReplaceBehavior [ RunTime:0.000022s ]
INFO: [ template_filter ] --END-- [ RunTime:0.000053s ]
INFO: Run Behavior\ParseTemplateBehavior [ RunTime:0.002969s ]
INFO: [ view_parse ] --END-- [ RunTime:0.003001s ]
INFO: [ view_filter ] --START--
INFO: Run Behavior\WriteHtmlCacheBehavior [ RunTime:0.000086s ]
INFO: [ view_filter ] --END-- [ RunTime:0.000107s ]
INFO: [ app_end ] --START--
INFO: Run Behavior\ShowPageTraceBehavior [ RunTime:0.000310s ]
INFO: [ app_end ] --END-- [ RunTime:0.000337s ]

[ 2017-10-14T16:23:09+08:00 ] 39.109.124.40 /renkang.php
INFO: [ app_init ] --START--
INFO: Run Behavior\BuildLiteBehavior [ RunTime:0.000010s ]
INFO: [ app_init ] --END-- [ RunTime:0.000216s ]
INFO: [ app_begin ] --START--
INFO: Run Behavior\ReadHtmlCacheBehavior [ RunTime:0.000297s ]
INFO: [ app_begin ] --END-- [ RunTime:0.000328s ]
NOTIC: [2048] Declaration of Home\Controller\IndexController::show() should be compatible with Think\Controller::show($content, $charset = '', $contentType = '', $prefix = '') /www/renkang/Renkang/Home/Controller/IndexController.class.php 第 38 行.
NOTIC: [8] Undefined index: nonce /www/renkang/Renkang/Home/Controller/IndexController.class.php 第 15 行.
NOTIC: [8] Undefined index: timestamp /www/renkang/Renkang/Home/Controller/IndexController.class.php 第 17 行.
NOTIC: [8] Undefined index: echostr /www/renkang/Renkang/Home/Controller/IndexController.class.php 第 18 行.
NOTIC: [8] Undefined index: signature /www/renkang/Renkang/Home/Controller/IndexController.class.php 第 22 行.
INFO: [ app_end ] --START--
INFO: Run Behavior\ShowPageTraceBehavior [ RunTime:0.000300s ]
INFO: [ app_end ] --END-- [ RunTime:0.000327s ]

[ 2017-10-14T16:31:07+08:00 ] 39.109.124.40 /renkang.php/Home/Index/index
INFO: [ app_init ] --START--
INFO: Run Behavior\BuildLiteBehavior [ RunTime:0.000010s ]
INFO: [ app_init ] --END-- [ RunTime:0.000213s ]
INFO: [ app_begin ] --START--
INFO: Run Behavior\ReadHtmlCacheBehavior [ RunTime:0.000290s ]
INFO: [ app_begin ] --END-- [ RunTime:0.000321s ]
NOTIC: [2048] Declaration of Home\Controller\IndexController::show() should be compatible with Think\Controller::show($content, $charset = '', $contentType = '', $prefix = '') /www/renkang/Renkang/Home/Controller/IndexController.class.php 第 38 行.
NOTIC: [8] Undefined index: nonce /www/renkang/Renkang/Home/Controller/IndexController.class.php 第 15 行.
NOTIC: [8] Undefined index: timestamp /www/renkang/Renkang/Home/Controller/IndexController.class.php 第 17 行.
NOTIC: [8] Undefined index: echostr /www/renkang/Renkang/Home/Controller/IndexController.class.php 第 18 行.
NOTIC: [8] Undefined index: signature /www/renkang/Renkang/Home/Controller/IndexController.class.php 第 22 行.
INFO: [ app_end ] --START--
INFO: Run Behavior\ShowPageTraceBehavior [ RunTime:0.000290s ]
INFO: [ app_end ] --END-- [ RunTime:0.000327s ]

[ 2017-10-14T16:32:38+08:00 ] 39.109.124.40 /renkang.php/Index/index
INFO: [ app_init ] --START--
INFO: Run Behavior\BuildLiteBehavior [ RunTime:0.000009s ]
INFO: [ app_init ] --END-- [ RunTime:0.000216s ]
INFO: [ app_begin ] --START--
INFO: Run Behavior\ReadHtmlCacheBehavior [ RunTime:0.000284s ]
INFO: [ app_begin ] --END-- [ RunTime:0.000315s ]
NOTIC: [2048] Declaration of Home\Controller\IndexController::show() should be compatible with Think\Controller::show($content, $charset = '', $contentType = '', $prefix = '') /www/renkang/Renkang/Home/Controller/IndexController.class.php 第 38 行.
NOTIC: [8] Undefined index: nonce /www/renkang/Renkang/Home/Controller/IndexController.class.php 第 15 行.
NOTIC: [8] Undefined index: timestamp /www/renkang/Renkang/Home/Controller/IndexController.class.php 第 17 行.
NOTIC: [8] Undefined index: echostr /www/renkang/Renkang/Home/Controller/IndexController.class.php 第 18 行.
NOTIC: [8] Undefined index: signature /www/renkang/Renkang/Home/Controller/IndexController.class.php 第 22 行.
INFO: [ app_end ] --START--
INFO: Run Behavior\ShowPageTraceBehavior [ RunTime:0.000291s ]
INFO: [ app_end ] --END-- [ RunTime:0.000318s ]

[ 2017-10-14T16:32:45+08:00 ] 39.109.124.40 /renkang.php/Index/show
INFO: [ app_init ] --START--
INFO: Run Behavior\BuildLiteBehavior [ RunTime:0.000018s ]
INFO: [ app_init ] --END-- [ RunTime:0.000220s ]
INFO: [ app_begin ] --START--
INFO: Run Behavior\ReadHtmlCacheBehavior [ RunTime:0.000296s ]
INFO: [ app_begin ] --END-- [ RunTime:0.000327s ]
NOTIC: [2048] Declaration of Home\Controller\IndexController::show() should be compatible with Think\Controller::show($content, $charset = '', $contentType = '', $prefix = '') /www/renkang/Renkang/Home/Controller/IndexController.class.php 第 38 行.
INFO: [ app_end ] --START--
INFO: Run Behavior\ShowPageTraceBehavior [ RunTime:0.000294s ]
INFO: [ app_end ] --END-- [ RunTime:0.000324s ]

