[ 2017-10-15T10:44:09+08:00 ] 116.77.159.96 /renkang.php/Index/index
INFO: [ app_init ] --START--
INFO: Run Behavior\BuildLiteBehavior [ RunTime:0.000009s ]
INFO: [ app_init ] --END-- [ RunTime:0.000234s ]
INFO: [ app_begin ] --START--
INFO: Run Behavior\ReadHtmlCacheBehavior [ RunTime:0.000277s ]
INFO: [ app_begin ] --END-- [ RunTime:0.000316s ]
NOTIC: [2048] Declaration of Home\Controller\IndexController::show() should be compatible with Think\Controller::show($content, $charset = '', $contentType = '', $prefix = '') /www/renkang/Renkang/Home/Controller/IndexController.class.php 第 37 行.
NOTIC: [8] Undefined index: nonce /www/renkang/Renkang/Home/Controller/IndexController.class.php 第 15 行.
NOTIC: [8] Undefined index: timestamp /www/renkang/Renkang/Home/Controller/IndexController.class.php 第 17 行.
NOTIC: [8] Undefined index: echostr /www/renkang/Renkang/Home/Controller/IndexController.class.php 第 18 行.
NOTIC: [8] Undefined index: signature /www/renkang/Renkang/Home/Controller/IndexController.class.php 第 22 行.
INFO: [ app_end ] --START--
INFO: Run Behavior\ShowPageTraceBehavior [ RunTime:0.000304s ]
INFO: [ app_end ] --END-- [ RunTime:0.000333s ]

[ 2017-10-15T21:54:38+08:00 ] 220.152.244.87 /renkang.php/Index/index
INFO: [ app_init ] --START--
INFO: Run Behavior\BuildLiteBehavior [ RunTime:0.000009s ]
INFO: [ app_init ] --END-- [ RunTime:0.000216s ]
INFO: [ app_begin ] --START--
INFO: Run Behavior\ReadHtmlCacheBehavior [ RunTime:0.000279s ]
INFO: [ app_begin ] --END-- [ RunTime:0.000310s ]
NOTIC: [2048] Declaration of Home\Controller\IndexController::show() should be compatible with Think\Controller::show($content, $charset = '', $contentType = '', $prefix = '') /www/renkang/Renkang/Home/Controller/IndexController.class.php 第 35 行.
NOTIC: [8] Undefined index: nonce /www/renkang/Renkang/Home/Controller/IndexController.class.php 第 15 行.
NOTIC: [8] Undefined index: timestamp /www/renkang/Renkang/Home/Controller/IndexController.class.php 第 17 行.
NOTIC: [8] Undefined index: echostr /www/renkang/Renkang/Home/Controller/IndexController.class.php 第 18 行.
NOTIC: [8] Undefined index: signature /www/renkang/Renkang/Home/Controller/IndexController.class.php 第 21 行.
INFO: [ app_end ] --START--
INFO: Run Behavior\ShowPageTraceBehavior [ RunTime:0.000306s ]
INFO: [ app_end ] --END-- [ RunTime:0.000335s ]

[ 2017-10-15T21:54:43+08:00 ] 220.152.244.87 /renkang.php/Index/show
INFO: [ app_init ] --START--
INFO: Run Behavior\BuildLiteBehavior [ RunTime:0.000010s ]
INFO: [ app_init ] --END-- [ RunTime:0.000235s ]
INFO: [ app_begin ] --START--
INFO: Run Behavior\ReadHtmlCacheBehavior [ RunTime:0.000346s ]
INFO: [ app_begin ] --END-- [ RunTime:0.000378s ]
NOTIC: [2048] Declaration of Home\Controller\IndexController::show() should be compatible with Think\Controller::show($content, $charset = '', $contentType = '', $prefix = '') /www/renkang/Renkang/Home/Controller/IndexController.class.php 第 35 行.
INFO: [ app_end ] --START--
INFO: Run Behavior\ShowPageTraceBehavior [ RunTime:0.000288s ]
INFO: [ app_end ] --END-- [ RunTime:0.000318s ]

[ 2017-10-15T23:52:15+08:00 ] 103.7.30.106 /renkang.php/Index/index.php?signature=eae4f9675d87cfaf961f994de2fca522b4aa0340&echostr=18201579959518219583&timestamp=1508082735&nonce=3426548084
INFO: [ app_init ] --START--
INFO: Run Behavior\BuildLiteBehavior [ RunTime:0.000009s ]
INFO: [ app_init ] --END-- [ RunTime:0.000227s ]
INFO: [ app_begin ] --START--
INFO: Run Behavior\ReadHtmlCacheBehavior [ RunTime:0.000294s ]
INFO: [ app_begin ] --END-- [ RunTime:0.000325s ]
NOTIC: [2048] Declaration of Home\Controller\IndexController::show() should be compatible with Think\Controller::show($content, $charset = '', $contentType = '', $prefix = '') /www/renkang/Renkang/Home/Controller/IndexController.class.php 第 35 行.

[ 2017-10-15T23:52:23+08:00 ] 103.7.30.106 /renkang.php/Index/index.php?signature=cd330902a90978c657d072d0c7e8e10e7992ef6c&echostr=17213351597383587711&timestamp=1508082743&nonce=156004009
INFO: [ app_init ] --START--
INFO: Run Behavior\BuildLiteBehavior [ RunTime:0.000010s ]
INFO: [ app_init ] --END-- [ RunTime:0.000232s ]
INFO: [ app_begin ] --START--
INFO: Run Behavior\ReadHtmlCacheBehavior [ RunTime:0.000279s ]
INFO: [ app_begin ] --END-- [ RunTime:0.000310s ]
NOTIC: [2048] Declaration of Home\Controller\IndexController::show() should be compatible with Think\Controller::show($content, $charset = '', $contentType = '', $prefix = '') /www/renkang/Renkang/Home/Controller/IndexController.class.php 第 35 行.

[ 2017-10-15T23:52:25+08:00 ] 117.185.27.114 /renkang.php/Index/index.php
INFO: [ app_init ] --START--
INFO: Run Behavior\BuildLiteBehavior [ RunTime:0.000010s ]
INFO: [ app_init ] --END-- [ RunTime:0.000217s ]
INFO: [ app_begin ] --START--
INFO: Run Behavior\ReadHtmlCacheBehavior [ RunTime:0.000286s ]
INFO: [ app_begin ] --END-- [ RunTime:0.000318s ]
NOTIC: [2048] Declaration of Home\Controller\IndexController::show() should be compatible with Think\Controller::show($content, $charset = '', $contentType = '', $prefix = '') /www/renkang/Renkang/Home/Controller/IndexController.class.php 第 35 行.

[ 2017-10-15T23:52:47+08:00 ] 101.233.46.59 /renkang.php/Index/index
INFO: [ app_init ] --START--
INFO: Run Behavior\BuildLiteBehavior [ RunTime:0.000010s ]
INFO: [ app_init ] --END-- [ RunTime:0.000229s ]
INFO: [ app_begin ] --START--
INFO: Run Behavior\ReadHtmlCacheBehavior [ RunTime:0.000296s ]
INFO: [ app_begin ] --END-- [ RunTime:0.000328s ]
NOTIC: [2048] Declaration of Home\Controller\IndexController::show() should be compatible with Think\Controller::show($content, $charset = '', $contentType = '', $prefix = '') /www/renkang/Renkang/Home/Controller/IndexController.class.php 第 35 行.
NOTIC: [8] Undefined index: nonce /www/renkang/Renkang/Home/Controller/IndexController.class.php 第 15 行.
NOTIC: [8] Undefined index: timestamp /www/renkang/Renkang/Home/Controller/IndexController.class.php 第 17 行.
NOTIC: [8] Undefined index: echostr /www/renkang/Renkang/Home/Controller/IndexController.class.php 第 18 行.
NOTIC: [8] Undefined index: signature /www/renkang/Renkang/Home/Controller/IndexController.class.php 第 21 行.
INFO: [ app_end ] --START--
INFO: Run Behavior\ShowPageTraceBehavior [ RunTime:0.000302s ]
INFO: [ app_end ] --END-- [ RunTime:0.000329s ]

[ 2017-10-15T23:52:57+08:00 ] 101.233.46.59 /renkang.php/Index/index
INFO: [ app_init ] --START--
INFO: Run Behavior\BuildLiteBehavior [ RunTime:0.000010s ]
INFO: [ app_init ] --END-- [ RunTime:0.000224s ]
INFO: [ app_begin ] --START--
INFO: Run Behavior\ReadHtmlCacheBehavior [ RunTime:0.000294s ]
INFO: [ app_begin ] --END-- [ RunTime:0.000325s ]
NOTIC: [2048] Declaration of Home\Controller\IndexController::show() should be compatible with Think\Controller::show($content, $charset = '', $contentType = '', $prefix = '') /www/renkang/Renkang/Home/Controller/IndexController.class.php 第 34 行.
NOTIC: [8] Undefined index: nonce /www/renkang/Renkang/Home/Controller/IndexController.class.php 第 14 行.
NOTIC: [8] Undefined index: timestamp /www/renkang/Renkang/Home/Controller/IndexController.class.php 第 16 行.
NOTIC: [8] Undefined index: echostr /www/renkang/Renkang/Home/Controller/IndexController.class.php 第 17 行.
NOTIC: [8] Undefined index: signature /www/renkang/Renkang/Home/Controller/IndexController.class.php 第 20 行.
INFO: [ app_end ] --START--
INFO: Run Behavior\ShowPageTraceBehavior [ RunTime:0.000302s ]
INFO: [ app_end ] --END-- [ RunTime:0.000331s ]

[ 2017-10-15T23:53:21+08:00 ] 103.7.30.106 /renkang.php/Index/index?signature=9f0fbbe7e956379fbcdaf7badc701acc6f4e3a54&echostr=8431707420651150459&timestamp=1508082801&nonce=316982133
INFO: [ app_init ] --START--
INFO: Run Behavior\BuildLiteBehavior [ RunTime:0.000010s ]
INFO: [ app_init ] --END-- [ RunTime:0.000213s ]
INFO: [ app_begin ] --START--
INFO: Run Behavior\ReadHtmlCacheBehavior [ RunTime:0.000271s ]
INFO: [ app_begin ] --END-- [ RunTime:0.000302s ]
NOTIC: [2048] Declaration of Home\Controller\IndexController::show() should be compatible with Think\Controller::show($content, $charset = '', $contentType = '', $prefix = '') /www/renkang/Renkang/Home/Controller/IndexController.class.php 第 34 行.

[ 2017-10-15T23:58:05+08:00 ] 101.226.99.196 /renkang.php/Index/index
INFO: [ app_init ] --START--
INFO: Run Behavior\BuildLiteBehavior [ RunTime:0.000018s ]
INFO: [ app_init ] --END-- [ RunTime:0.000223s ]
INFO: [ app_begin ] --START--
INFO: Run Behavior\ReadHtmlCacheBehavior [ RunTime:0.000310s ]
INFO: [ app_begin ] --END-- [ RunTime:0.000342s ]
NOTIC: [2048] Declaration of Home\Controller\IndexController::show() should be compatible with Think\Controller::show($content, $charset = '', $contentType = '', $prefix = '') /www/renkang/Renkang/Home/Controller/IndexController.class.php 第 34 行.
NOTIC: [8] Undefined index: nonce /www/renkang/Renkang/Home/Controller/IndexController.class.php 第 14 行.
NOTIC: [8] Undefined index: timestamp /www/renkang/Renkang/Home/Controller/IndexController.class.php 第 16 行.
NOTIC: [8] Undefined index: echostr /www/renkang/Renkang/Home/Controller/IndexController.class.php 第 17 行.
NOTIC: [8] Undefined index: signature /www/renkang/Renkang/Home/Controller/IndexController.class.php 第 20 行.
INFO: [ app_end ] --START--
INFO: Run Behavior\ShowPageTraceBehavior [ RunTime:0.000314s ]
INFO: [ app_end ] --END-- [ RunTime:0.000342s ]

