[ 2017-10-23T21:34:09+08:00 ] 103.7.30.68 /renkang.php/Index/index?signature=c01246e2c0a103675ebb40ac9198b78a9c7de6ca&timestamp=1508765648&nonce=1155129162&openid=o9HmI1iEuxbnYBqQMdkbvp6oENvI&encrypt_type=aes&msg_signature=c836362c206e7abebbe5e0aecc84ed4f1a6d3b65
INFO: [ app_init ] --START--
INFO: Run Behavior\BuildLiteBehavior [ RunTime:0.000010s ]
INFO: [ app_init ] --END-- [ RunTime:0.000219s ]
INFO: [ app_begin ] --START--
INFO: Run Behavior\ReadHtmlCacheBehavior [ RunTime:0.000280s ]
INFO: [ app_begin ] --END-- [ RunTime:0.000312s ]

[ 2017-10-23T21:35:22+08:00 ] 101.233.46.59 /renkang.php/Index/index
INFO: [ app_init ] --START--
INFO: Run Behavior\BuildLiteBehavior [ RunTime:0.000010s ]
INFO: [ app_init ] --END-- [ RunTime:0.000231s ]
INFO: [ app_begin ] --START--
INFO: Run Behavior\ReadHtmlCacheBehavior [ RunTime:0.000280s ]
INFO: [ app_begin ] --END-- [ RunTime:0.000325s ]

[ 2017-10-23T21:36:45+08:00 ] 220.152.244.87 /renkang.php/Index/index
INFO: [ app_init ] --START--
INFO: Run Behavior\BuildLiteBehavior [ RunTime:0.000010s ]
INFO: [ app_init ] --END-- [ RunTime:0.000216s ]
INFO: [ app_begin ] --START--
INFO: Run Behavior\ReadHtmlCacheBehavior [ RunTime:0.000276s ]
INFO: [ app_begin ] --END-- [ RunTime:0.000306s ]
NOTIC: [8] Undefined index: nonce /www/renkang/Renkang/Home/Controller/IndexController.class.php 第 11 行.
NOTIC: [8] Undefined index: timestamp /www/renkang/Renkang/Home/Controller/IndexController.class.php 第 13 行.
NOTIC: [8] Undefined index: echostr /www/renkang/Renkang/Home/Controller/IndexController.class.php 第 14 行.
NOTIC: [8] Undefined index: signature /www/renkang/Renkang/Home/Controller/IndexController.class.php 第 17 行.
NOTIC: [8] Undefined index: HTTP_RAW_POST_DATA /www/renkang/Renkang/Home/Controller/IndexController.class.php 第 35 行.
NOTIC: [8] Trying to get property of non-object /www/renkang/Renkang/Home/Controller/IndexController.class.php 第 44 行.
NOTIC: [8] Trying to get property of non-object /www/renkang/Renkang/Home/Controller/IndexController.class.php 第 45 行.

[ 2017-10-23T21:38:30+08:00 ] 220.152.244.87 /renkang.php/Index/index
INFO: [ app_init ] --START--
INFO: Run Behavior\BuildLiteBehavior [ RunTime:0.000010s ]
INFO: [ app_init ] --END-- [ RunTime:0.000220s ]
INFO: [ app_begin ] --START--
INFO: Run Behavior\ReadHtmlCacheBehavior [ RunTime:0.000293s ]
INFO: [ app_begin ] --END-- [ RunTime:0.000326s ]
NOTIC: [8] Undefined index: nonce /www/renkang/Renkang/Home/Controller/IndexController.class.php 第 11 行.
NOTIC: [8] Undefined index: timestamp /www/renkang/Renkang/Home/Controller/IndexController.class.php 第 13 行.
NOTIC: [8] Undefined index: echostr /www/renkang/Renkang/Home/Controller/IndexController.class.php 第 14 行.
NOTIC: [8] Undefined index: signature /www/renkang/Renkang/Home/Controller/IndexController.class.php 第 17 行.
NOTIC: [8] Undefined index: HTTP_RAW_POST_DATA /www/renkang/Renkang/Home/Controller/IndexController.class.php 第 35 行.
NOTIC: [8] Trying to get property of non-object /www/renkang/Renkang/Home/Controller/IndexController.class.php 第 44 行.
NOTIC: [8] Trying to get property of non-object /www/renkang/Renkang/Home/Controller/IndexController.class.php 第 45 行.

[ 2017-10-23T21:38:34+08:00 ] 220.152.244.87 /renkang.php/Index/index
INFO: [ app_init ] --START--
INFO: Run Behavior\BuildLiteBehavior [ RunTime:0.000009s ]
INFO: [ app_init ] --END-- [ RunTime:0.000215s ]
INFO: [ app_begin ] --START--
INFO: Run Behavior\ReadHtmlCacheBehavior [ RunTime:0.000273s ]
INFO: [ app_begin ] --END-- [ RunTime:0.000303s ]
NOTIC: [8] Undefined index: nonce /www/renkang/Renkang/Home/Controller/IndexController.class.php 第 11 行.
NOTIC: [8] Undefined index: timestamp /www/renkang/Renkang/Home/Controller/IndexController.class.php 第 13 行.
NOTIC: [8] Undefined index: echostr /www/renkang/Renkang/Home/Controller/IndexController.class.php 第 14 行.
NOTIC: [8] Undefined index: signature /www/renkang/Renkang/Home/Controller/IndexController.class.php 第 17 行.
NOTIC: [8] Undefined index: HTTP_RAW_POST_DATA /www/renkang/Renkang/Home/Controller/IndexController.class.php 第 35 行.
NOTIC: [8] Trying to get property of non-object /www/renkang/Renkang/Home/Controller/IndexController.class.php 第 44 行.
NOTIC: [8] Trying to get property of non-object /www/renkang/Renkang/Home/Controller/IndexController.class.php 第 45 行.

[ 2017-10-23T21:38:34+08:00 ] 220.152.244.87 /renkang.php/Index/index
INFO: [ app_init ] --START--
INFO: Run Behavior\BuildLiteBehavior [ RunTime:0.000010s ]
INFO: [ app_init ] --END-- [ RunTime:0.000215s ]
INFO: [ app_begin ] --START--
INFO: Run Behavior\ReadHtmlCacheBehavior [ RunTime:0.000283s ]
INFO: [ app_begin ] --END-- [ RunTime:0.000313s ]
NOTIC: [8] Undefined index: nonce /www/renkang/Renkang/Home/Controller/IndexController.class.php 第 11 行.
NOTIC: [8] Undefined index: timestamp /www/renkang/Renkang/Home/Controller/IndexController.class.php 第 13 行.
NOTIC: [8] Undefined index: echostr /www/renkang/Renkang/Home/Controller/IndexController.class.php 第 14 行.
NOTIC: [8] Undefined index: signature /www/renkang/Renkang/Home/Controller/IndexController.class.php 第 17 行.
NOTIC: [8] Undefined index: HTTP_RAW_POST_DATA /www/renkang/Renkang/Home/Controller/IndexController.class.php 第 35 行.
NOTIC: [8] Trying to get property of non-object /www/renkang/Renkang/Home/Controller/IndexController.class.php 第 44 行.
NOTIC: [8] Trying to get property of non-object /www/renkang/Renkang/Home/Controller/IndexController.class.php 第 45 行.

[ 2017-10-23T21:38:35+08:00 ] 220.152.244.87 /renkang.php/Index/index
INFO: [ app_init ] --START--
INFO: Run Behavior\BuildLiteBehavior [ RunTime:0.000010s ]
INFO: [ app_init ] --END-- [ RunTime:0.000224s ]
INFO: [ app_begin ] --START--
INFO: Run Behavior\ReadHtmlCacheBehavior [ RunTime:0.000287s ]
INFO: [ app_begin ] --END-- [ RunTime:0.000318s ]
NOTIC: [8] Undefined index: nonce /www/renkang/Renkang/Home/Controller/IndexController.class.php 第 11 行.
NOTIC: [8] Undefined index: timestamp /www/renkang/Renkang/Home/Controller/IndexController.class.php 第 13 行.
NOTIC: [8] Undefined index: echostr /www/renkang/Renkang/Home/Controller/IndexController.class.php 第 14 行.
NOTIC: [8] Undefined index: signature /www/renkang/Renkang/Home/Controller/IndexController.class.php 第 17 行.
NOTIC: [8] Undefined index: HTTP_RAW_POST_DATA /www/renkang/Renkang/Home/Controller/IndexController.class.php 第 35 行.
NOTIC: [8] Trying to get property of non-object /www/renkang/Renkang/Home/Controller/IndexController.class.php 第 44 行.
NOTIC: [8] Trying to get property of non-object /www/renkang/Renkang/Home/Controller/IndexController.class.php 第 45 行.

[ 2017-10-23T21:38:35+08:00 ] 220.152.244.87 /renkang.php/Index/index
INFO: [ app_init ] --START--
INFO: Run Behavior\BuildLiteBehavior [ RunTime:0.000010s ]
INFO: [ app_init ] --END-- [ RunTime:0.000229s ]
INFO: [ app_begin ] --START--
INFO: Run Behavior\ReadHtmlCacheBehavior [ RunTime:0.000296s ]
INFO: [ app_begin ] --END-- [ RunTime:0.000327s ]
NOTIC: [8] Undefined index: nonce /www/renkang/Renkang/Home/Controller/IndexController.class.php 第 11 行.
NOTIC: [8] Undefined index: timestamp /www/renkang/Renkang/Home/Controller/IndexController.class.php 第 13 行.
NOTIC: [8] Undefined index: echostr /www/renkang/Renkang/Home/Controller/IndexController.class.php 第 14 行.
NOTIC: [8] Undefined index: signature /www/renkang/Renkang/Home/Controller/IndexController.class.php 第 17 行.
NOTIC: [8] Undefined index: HTTP_RAW_POST_DATA /www/renkang/Renkang/Home/Controller/IndexController.class.php 第 35 行.
NOTIC: [8] Trying to get property of non-object /www/renkang/Renkang/Home/Controller/IndexController.class.php 第 44 行.
NOTIC: [8] Trying to get property of non-object /www/renkang/Renkang/Home/Controller/IndexController.class.php 第 45 行.

[ 2017-10-23T21:38:36+08:00 ] 220.152.244.87 /renkang.php/Index/index
INFO: [ app_init ] --START--
INFO: Run Behavior\BuildLiteBehavior [ RunTime:0.000010s ]
INFO: [ app_init ] --END-- [ RunTime:0.000238s ]
INFO: [ app_begin ] --START--
INFO: Run Behavior\ReadHtmlCacheBehavior [ RunTime:0.000285s ]
INFO: [ app_begin ] --END-- [ RunTime:0.000316s ]
NOTIC: [8] Undefined index: nonce /www/renkang/Renkang/Home/Controller/IndexController.class.php 第 11 行.
NOTIC: [8] Undefined index: timestamp /www/renkang/Renkang/Home/Controller/IndexController.class.php 第 13 行.
NOTIC: [8] Undefined index: echostr /www/renkang/Renkang/Home/Controller/IndexController.class.php 第 14 行.
NOTIC: [8] Undefined index: signature /www/renkang/Renkang/Home/Controller/IndexController.class.php 第 17 行.
NOTIC: [8] Undefined index: HTTP_RAW_POST_DATA /www/renkang/Renkang/Home/Controller/IndexController.class.php 第 35 行.
NOTIC: [8] Trying to get property of non-object /www/renkang/Renkang/Home/Controller/IndexController.class.php 第 44 行.
NOTIC: [8] Trying to get property of non-object /www/renkang/Renkang/Home/Controller/IndexController.class.php 第 45 行.

[ 2017-10-23T21:38:51+08:00 ] 220.152.244.87 /renkang.php/Index/index
INFO: [ app_init ] --START--
INFO: Run Behavior\BuildLiteBehavior [ RunTime:0.000011s ]
INFO: [ app_init ] --END-- [ RunTime:0.000268s ]
INFO: [ app_begin ] --START--
INFO: Run Behavior\ReadHtmlCacheBehavior [ RunTime:0.000342s ]
INFO: [ app_begin ] --END-- [ RunTime:0.000378s ]
NOTIC: [8] Undefined index: nonce /www/renkang/Renkang/Home/Controller/IndexController.class.php 第 11 行.
NOTIC: [8] Undefined index: timestamp /www/renkang/Renkang/Home/Controller/IndexController.class.php 第 13 行.
NOTIC: [8] Undefined index: echostr /www/renkang/Renkang/Home/Controller/IndexController.class.php 第 14 行.
NOTIC: [8] Undefined index: signature /www/renkang/Renkang/Home/Controller/IndexController.class.php 第 17 行.
NOTIC: [8] Undefined index: HTTP_RAW_POST_DATA /www/renkang/Renkang/Home/Controller/IndexController.class.php 第 36 行.
NOTIC: [8] Trying to get property of non-object /www/renkang/Renkang/Home/Controller/IndexController.class.php 第 45 行.
NOTIC: [8] Trying to get property of non-object /www/renkang/Renkang/Home/Controller/IndexController.class.php 第 46 行.

[ 2017-10-23T21:39:34+08:00 ] 220.152.244.87 /renkang.php/Index/index
INFO: [ app_init ] --START--
INFO: Run Behavior\BuildLiteBehavior [ RunTime:0.000009s ]
INFO: [ app_init ] --END-- [ RunTime:0.000253s ]
INFO: [ app_begin ] --START--
INFO: Run Behavior\ReadHtmlCacheBehavior [ RunTime:0.000287s ]
INFO: [ app_begin ] --END-- [ RunTime:0.000317s ]
NOTIC: [8] Undefined index: nonce /www/renkang/Renkang/Home/Controller/IndexController.class.php 第 12 行.
NOTIC: [8] Undefined index: timestamp /www/renkang/Renkang/Home/Controller/IndexController.class.php 第 14 行.
NOTIC: [8] Undefined index: echostr /www/renkang/Renkang/Home/Controller/IndexController.class.php 第 15 行.
NOTIC: [8] Undefined index: signature /www/renkang/Renkang/Home/Controller/IndexController.class.php 第 18 行.
NOTIC: [8] Undefined index: HTTP_RAW_POST_DATA /www/renkang/Renkang/Home/Controller/IndexController.class.php 第 37 行.
NOTIC: [8] Trying to get property of non-object /www/renkang/Renkang/Home/Controller/IndexController.class.php 第 46 行.
NOTIC: [8] Trying to get property of non-object /www/renkang/Renkang/Home/Controller/IndexController.class.php 第 47 行.

[ 2017-10-23T21:40:12+08:00 ] 220.152.244.87 /renkang.php/Index/index
INFO: [ app_init ] --START--
INFO: Run Behavior\BuildLiteBehavior [ RunTime:0.000010s ]
INFO: [ app_init ] --END-- [ RunTime:0.000232s ]
INFO: [ app_begin ] --START--
INFO: Run Behavior\ReadHtmlCacheBehavior [ RunTime:0.000282s ]
INFO: [ app_begin ] --END-- [ RunTime:0.000314s ]
NOTIC: [8] Undefined index: nonce /www/renkang/Renkang/Home/Controller/IndexController.class.php 第 12 行.
NOTIC: [8] Undefined index: timestamp /www/renkang/Renkang/Home/Controller/IndexController.class.php 第 14 行.
NOTIC: [8] Undefined index: echostr /www/renkang/Renkang/Home/Controller/IndexController.class.php 第 15 行.
NOTIC: [8] Undefined index: signature /www/renkang/Renkang/Home/Controller/IndexController.class.php 第 18 行.
NOTIC: [8] Undefined index: HTTP_RAW_POST_DATA /www/renkang/Renkang/Home/Controller/IndexController.class.php 第 37 行.
NOTIC: [8] Trying to get property of non-object /www/renkang/Renkang/Home/Controller/IndexController.class.php 第 46 行.
NOTIC: [8] Trying to get property of non-object /www/renkang/Renkang/Home/Controller/IndexController.class.php 第 47 行.

[ 2017-10-23T21:40:43+08:00 ] 220.152.244.87 /renkang.php/Index/index
INFO: [ app_init ] --START--
INFO: Run Behavior\BuildLiteBehavior [ RunTime:0.000010s ]
INFO: [ app_init ] --END-- [ RunTime:0.000237s ]
INFO: [ app_begin ] --START--
INFO: Run Behavior\ReadHtmlCacheBehavior [ RunTime:0.000318s ]
INFO: [ app_begin ] --END-- [ RunTime:0.000352s ]
NOTIC: [8] Undefined index: nonce /www/renkang/Renkang/Home/Controller/IndexController.class.php 第 12 行.
NOTIC: [8] Undefined index: timestamp /www/renkang/Renkang/Home/Controller/IndexController.class.php 第 14 行.
NOTIC: [8] Undefined index: echostr /www/renkang/Renkang/Home/Controller/IndexController.class.php 第 15 行.
NOTIC: [8] Undefined index: signature /www/renkang/Renkang/Home/Controller/IndexController.class.php 第 18 行.
NOTIC: [8] Undefined index: HTTP_RAW_POST_DATA /www/renkang/Renkang/Home/Controller/IndexController.class.php 第 37 行.
NOTIC: [8] Trying to get property of non-object /www/renkang/Renkang/Home/Controller/IndexController.class.php 第 46 行.
NOTIC: [8] Trying to get property of non-object /www/renkang/Renkang/Home/Controller/IndexController.class.php 第 47 行.

[ 2017-10-23T21:40:45+08:00 ] 220.152.244.87 /renkang.php/Index/index
INFO: [ app_init ] --START--
INFO: Run Behavior\BuildLiteBehavior [ RunTime:0.000010s ]
INFO: [ app_init ] --END-- [ RunTime:0.000227s ]
INFO: [ app_begin ] --START--
INFO: Run Behavior\ReadHtmlCacheBehavior [ RunTime:0.000288s ]
INFO: [ app_begin ] --END-- [ RunTime:0.000320s ]
NOTIC: [8] Undefined index: nonce /www/renkang/Renkang/Home/Controller/IndexController.class.php 第 12 行.
NOTIC: [8] Undefined index: timestamp /www/renkang/Renkang/Home/Controller/IndexController.class.php 第 14 行.
NOTIC: [8] Undefined index: echostr /www/renkang/Renkang/Home/Controller/IndexController.class.php 第 15 行.
NOTIC: [8] Undefined index: signature /www/renkang/Renkang/Home/Controller/IndexController.class.php 第 18 行.
NOTIC: [8] Undefined index: HTTP_RAW_POST_DATA /www/renkang/Renkang/Home/Controller/IndexController.class.php 第 37 行.
NOTIC: [8] Trying to get property of non-object /www/renkang/Renkang/Home/Controller/IndexController.class.php 第 46 行.
NOTIC: [8] Trying to get property of non-object /www/renkang/Renkang/Home/Controller/IndexController.class.php 第 47 行.

[ 2017-10-23T21:41:20+08:00 ] 220.152.244.87 /renkang.php/Index/index
INFO: [ app_init ] --START--
INFO: Run Behavior\BuildLiteBehavior [ RunTime:0.000010s ]
INFO: [ app_init ] --END-- [ RunTime:0.000218s ]
INFO: [ app_begin ] --START--
INFO: Run Behavior\ReadHtmlCacheBehavior [ RunTime:0.000282s ]
INFO: [ app_begin ] --END-- [ RunTime:0.000323s ]
NOTIC: [8] Undefined index: nonce /www/renkang/Renkang/Home/Controller/IndexController.class.php 第 11 行.
NOTIC: [8] Undefined index: timestamp /www/renkang/Renkang/Home/Controller/IndexController.class.php 第 13 行.
NOTIC: [8] Undefined index: echostr /www/renkang/Renkang/Home/Controller/IndexController.class.php 第 14 行.
NOTIC: [8] Undefined index: signature /www/renkang/Renkang/Home/Controller/IndexController.class.php 第 17 行.
NOTIC: [8] Undefined index: HTTP_RAW_POST_DATA /www/renkang/Renkang/Home/Controller/IndexController.class.php 第 36 行.
NOTIC: [8] Trying to get property of non-object /www/renkang/Renkang/Home/Controller/IndexController.class.php 第 45 行.
NOTIC: [8] Trying to get property of non-object /www/renkang/Renkang/Home/Controller/IndexController.class.php 第 46 行.

[ 2017-10-23T21:42:16+08:00 ] 220.152.244.87 /renkang.php/Index/index
INFO: [ app_init ] --START--
INFO: Run Behavior\BuildLiteBehavior [ RunTime:0.000010s ]
INFO: [ app_init ] --END-- [ RunTime:0.000241s ]
INFO: [ app_begin ] --START--
INFO: Run Behavior\ReadHtmlCacheBehavior [ RunTime:0.000273s ]
INFO: [ app_begin ] --END-- [ RunTime:0.000305s ]
NOTIC: [8] Undefined index: nonce /www/renkang/Renkang/Home/Controller/IndexController.class.php 第 11 行.
NOTIC: [8] Undefined index: timestamp /www/renkang/Renkang/Home/Controller/IndexController.class.php 第 13 行.
NOTIC: [8] Undefined index: echostr /www/renkang/Renkang/Home/Controller/IndexController.class.php 第 14 行.
NOTIC: [8] Undefined index: signature /www/renkang/Renkang/Home/Controller/IndexController.class.php 第 17 行.
NOTIC: [8] Undefined index: HTTP_RAW_POST_DATA /www/renkang/Renkang/Home/Controller/IndexController.class.php 第 36 行.
NOTIC: [8] Trying to get property of non-object /www/renkang/Renkang/Home/Controller/IndexController.class.php 第 45 行.
NOTIC: [8] Trying to get property of non-object /www/renkang/Renkang/Home/Controller/IndexController.class.php 第 46 行.

[ 2017-10-23T22:02:01+08:00 ] 101.233.46.59 /renkang.php/Index/index
INFO: [ app_init ] --START--
INFO: Run Behavior\BuildLiteBehavior [ RunTime:0.000010s ]
INFO: [ app_init ] --END-- [ RunTime:0.000231s ]
INFO: [ app_begin ] --START--
INFO: Run Behavior\ReadHtmlCacheBehavior [ RunTime:0.000288s ]
INFO: [ app_begin ] --END-- [ RunTime:0.000321s ]
NOTIC: [8] Undefined index: nonce /www/renkang/Renkang/Home/Controller/IndexController.class.php 第 11 行.
NOTIC: [8] Undefined index: timestamp /www/renkang/Renkang/Home/Controller/IndexController.class.php 第 13 行.
NOTIC: [8] Undefined index: echostr /www/renkang/Renkang/Home/Controller/IndexController.class.php 第 14 行.
NOTIC: [8] Undefined index: signature /www/renkang/Renkang/Home/Controller/IndexController.class.php 第 17 行.
NOTIC: [8] Undefined index: HTTP_RAW_POST_DATA /www/renkang/Renkang/Home/Controller/IndexController.class.php 第 36 行.
NOTIC: [8] Trying to get property of non-object /www/renkang/Renkang/Home/Controller/IndexController.class.php 第 45 行.
NOTIC: [8] Trying to get property of non-object /www/renkang/Renkang/Home/Controller/IndexController.class.php 第 46 行.

[ 2017-10-23T22:33:54+08:00 ] 220.152.244.87 /renkang.php/Index/index
INFO: [ app_init ] --START--
INFO: Run Behavior\BuildLiteBehavior [ RunTime:0.000010s ]
INFO: [ app_init ] --END-- [ RunTime:0.000239s ]
INFO: [ app_begin ] --START--
INFO: Run Behavior\ReadHtmlCacheBehavior [ RunTime:0.000279s ]
INFO: [ app_begin ] --END-- [ RunTime:0.000327s ]

[ 2017-10-23T22:33:55+08:00 ] 220.152.244.87 /renkang.php/Index/index
INFO: [ app_init ] --START--
INFO: Run Behavior\BuildLiteBehavior [ RunTime:0.000010s ]
INFO: [ app_init ] --END-- [ RunTime:0.000234s ]
INFO: [ app_begin ] --START--
INFO: Run Behavior\ReadHtmlCacheBehavior [ RunTime:0.000272s ]
INFO: [ app_begin ] --END-- [ RunTime:0.000304s ]

[ 2017-10-23T22:34:50+08:00 ] 220.152.244.87 /renkang.php/Index/index
INFO: [ app_init ] --START--
INFO: Run Behavior\BuildLiteBehavior [ RunTime:0.000009s ]
INFO: [ app_init ] --END-- [ RunTime:0.000216s ]
INFO: [ app_begin ] --START--
INFO: Run Behavior\ReadHtmlCacheBehavior [ RunTime:0.000286s ]
INFO: [ app_begin ] --END-- [ RunTime:0.000317s ]

[ 2017-10-23T22:35:56+08:00 ] 101.233.46.59 /renkang.php/Index/index
INFO: [ app_init ] --START--
INFO: Run Behavior\BuildLiteBehavior [ RunTime:0.000010s ]
INFO: [ app_init ] --END-- [ RunTime:0.000236s ]
INFO: [ app_begin ] --START--
INFO: Run Behavior\ReadHtmlCacheBehavior [ RunTime:0.000274s ]
INFO: [ app_begin ] --END-- [ RunTime:0.000306s ]

[ 2017-10-23T22:37:24+08:00 ] 220.152.244.87 /renkang.php/Index/index
INFO: [ app_init ] --START--
INFO: Run Behavior\BuildLiteBehavior [ RunTime:0.000010s ]
INFO: [ app_init ] --END-- [ RunTime:0.000218s ]
INFO: [ app_begin ] --START--
INFO: Run Behavior\ReadHtmlCacheBehavior [ RunTime:0.000289s ]
INFO: [ app_begin ] --END-- [ RunTime:0.000322s ]
NOTIC: [8] Undefined index: nonce /www/renkang/Renkang/Home/Controller/IndexController.class.php 第 12 行.
NOTIC: [8] Undefined index: timestamp /www/renkang/Renkang/Home/Controller/IndexController.class.php 第 14 行.
NOTIC: [8] Undefined index: echostr /www/renkang/Renkang/Home/Controller/IndexController.class.php 第 15 行.
NOTIC: [8] Undefined index: signature /www/renkang/Renkang/Home/Controller/IndexController.class.php 第 18 行.
NOTIC: [8] Undefined index: HTTP_RAW_POST_DATA /www/renkang/Renkang/Home/Controller/IndexController.class.php 第 33 行.
NOTIC: [8] Trying to get property of non-object /www/renkang/Renkang/Home/Controller/IndexController.class.php 第 42 行.
NOTIC: [8] Trying to get property of non-object /www/renkang/Renkang/Home/Controller/IndexController.class.php 第 43 行.

[ 2017-10-23T22:37:44+08:00 ] 220.152.244.87 /renkang.php/Index/index
INFO: [ app_init ] --START--
INFO: Run Behavior\BuildLiteBehavior [ RunTime:0.000010s ]
INFO: [ app_init ] --END-- [ RunTime:0.000219s ]
INFO: [ app_begin ] --START--
INFO: Run Behavior\ReadHtmlCacheBehavior [ RunTime:0.000279s ]
INFO: [ app_begin ] --END-- [ RunTime:0.000315s ]

